<?xml version="1.0" encoding="UTF-8"?>
<!-- Generated by org.testng.reporters.JUnitReportReporter -->
<testsuite hostname="Pedas-MacBook-Air.local" failures="0" tests="3" name="com.googleTranslate.testcases.GoogleTranslatetestCases" time="10.434" errors="0" timestamp="01 Nov 2021 23:53:56 GMT" skipped="0">
  <testcase classname="com.googleTranslate.testcases.GoogleTranslatetestCases" name="verifyTranslationLanguage" time="4.853"/>
  <testcase classname="com.googleTranslate.testcases.GoogleTranslatetestCases" name="verfiySwap" time="2.181"/>
  <testcase classname="com.googleTranslate.testcases.GoogleTranslatetestCases" name="verifyKeyBoardInput" time="3.400"/>
</testsuite> <!-- com.googleTranslate.testcases.GoogleTranslatetestCases -->
