<?xml version="1.0" encoding="UTF-8"?>
<!-- Generated by org.testng.reporters.JUnitReportReporter -->
<testsuite hostname="Pedas-MacBook-Air.local" failures="0" tests="2" name="com.GoogleFinance.tests.GoogleFinanceTest" time="0.012" errors="0" timestamp="2024-08-08T15:25:07 PDT" skipped="0">
  <testcase classname="com.GoogleFinance.tests.GoogleFinanceTest" name="validateStockSymbols" time="0.000"/>
  <system-out/>
  <testcase classname="com.GoogleFinance.tests.GoogleFinanceTest" name="validatePageTitle" time="0.012"/>
  <system-out/>
</testsuite> <!-- com.GoogleFinance.tests.GoogleFinanceTest -->
